c:\users\will\documents\visual studio 2013\projects\cg_a3\debug\vc120.pdb
c:\users\will\documents\visual studio 2013\projects\cg_a3\debug\vc120.idb
c:\users\will\documents\visual studio 2013\projects\cg_a3\debug\initglew.obj
c:\users\will\documents\visual studio 2013\projects\cg_a3\debug\initglut.obj
c:\users\will\documents\visual studio 2013\projects\cg_a3\debug\main.obj
c:\users\will\documents\visual studio 2013\projects\cg_a3\debug\cameramanager.obj
c:\users\will\documents\visual studio 2013\projects\cg_a3\debug\lightingmanager.obj
c:\users\will\documents\visual studio 2013\projects\cg_a3\debug\modelsmanager.obj
c:\users\will\documents\visual studio 2013\projects\cg_a3\debug\scenemanager.obj
c:\users\will\documents\visual studio 2013\projects\cg_a3\debug\shadermanager.obj
c:\users\will\documents\visual studio 2013\projects\cg_a3\debug\axes.obj
c:\users\will\documents\visual studio 2013\projects\cg_a3\debug\genericobj.obj
c:\users\will\documents\visual studio 2013\projects\cg_a3\debug\model.obj
c:\users\will\documents\visual studio 2013\projects\cg_a3\debug\textureobj.obj
c:\users\will\documents\visual studio 2013\projects\cg_a3\debug\triangle.obj
c:\users\will\documents\visual studio 2013\projects\cg_a3\debug\wireframe.obj
c:\users\will\documents\visual studio 2013\projects\cg_a3\debug\skybox.obj
c:\users\will\documents\visual studio 2013\projects\cg_a3\debug\dummy.obj
c:\users\will\documents\visual studio 2013\projects\cg_a3\debug\tiny_obj_loader.obj
c:\users\will\documents\visual studio 2013\projects\cg_a3\debug\island.obj
c:\users\will\documents\visual studio 2013\projects\cg_a3\debug\shadowmap.obj
c:\users\will\documents\visual studio 2013\projects\cg_a3\debug\sun.obj
c:\users\will\documents\visual studio 2013\projects\cg_a3\debug\cg_a3.ilk
c:\users\will\documents\visual studio 2013\projects\cg_a3\debug\cg_a3.exe
c:\users\will\documents\visual studio 2013\projects\cg_a3\debug\cg_a3.pdb
c:\users\will\documents\visual studio 2013\projects\cg_a3\debug\cg_a3.tlog\cl.command.1.tlog
c:\users\will\documents\visual studio 2013\projects\cg_a3\debug\cg_a3.tlog\cl.read.1.tlog
c:\users\will\documents\visual studio 2013\projects\cg_a3\debug\cg_a3.tlog\cl.write.1.tlog
c:\users\will\documents\visual studio 2013\projects\cg_a3\debug\cg_a3.tlog\link.command.1.tlog
c:\users\will\documents\visual studio 2013\projects\cg_a3\debug\cg_a3.tlog\link.read.1.tlog
c:\users\will\documents\visual studio 2013\projects\cg_a3\debug\cg_a3.tlog\link.write.1.tlog
